<?xml version="1.0" encoding="UTF-8"?>
<testsuite xmlns:xsi="http://www.w3.org/2001/XMLSchema-instance" xsi:noNamespaceSchemaLocation="https://maven.apache.org/surefire/maven-surefire-plugin/xsd/surefire-test-report.xsd" version="3.0.2" name="com.example.accessingdatamysql.AccessingDataMysqlApplicationTests" time="10.008" tests="1" errors="0" skipped="0" failures="0">
  <properties>
[...]
</properties>
  <testcase name="contextLoads" classname="com.example.accessingdatamysql.AccessingDataMysqlApplicationTests" time="0.248">
    <system-out><![CDATA[21:16:49.301 [main] INFO org.testcontainers.images.PullPolicy -- Image pull policy will be performed by: DefaultPullPolicy()
21:16:49.305 [main] INFO org.testcontainers.utility.ImageNameSubstitutor -- Image name substitution will be performed by: DefaultImageNameSubstitutor (composite of 'ConfigurationFileImageNameSubstitutor' and 'PrefixingImageNameSubstitutor')
21:16:49.317 [main] INFO org.testcontainers.DockerClientFactory -- Testcontainers version: 2.0.3
21:16:49.420 [main] INFO org.testcontainers.dockerclient.DockerClientProviderStrategy -- Loaded org.testcontainers.dockerclient.UnixSocketClientProviderStrategy from ~/.testcontainers.properties, will try it first
21:16:49.659 [main] INFO org.testcontainers.dockerclient.DockerClientProviderStrategy -- Found Docker environment with local Unix socket (unix:///var/run/docker.sock)
21:16:49.659 [main] INFO org.testcontainers.DockerClientFactory -- Docker host IP address is localhost
21:16:49.670 [main] INFO org.testcontainers.DockerClientFactory -- Connected to docker: 
  Server Version: 28.2.2
  API Version: 1.50
  Operating System: Ubuntu 22.04.5 LTS
  Total Memory: 1953 MB
21:16:49.691 [main] INFO tc.testcontainers/ryuk:0.13.0 -- Creating container for image: testcontainers/ryuk:0.13.0
21:16:49.693 [main] INFO org.testcontainers.utility.RegistryAuthLocator -- Failure when attempting to lookup auth config. Please ignore if you don't have images in an authenticated registry. Details: (dockerImageName: testcontainers/ryuk:0.13.0, configFile: /home/lopeza/.docker/config.json, configEnv: DOCKER_AUTH_CONFIG). Falling back to docker-java default behaviour. Exception message: Status 404: No config supplied. Checked in order: /home/lopeza/.docker/config.json (file not found), DOCKER_AUTH_CONFIG (not set)
21:16:49.785 [main] INFO tc.testcontainers/ryuk:0.13.0 -- Container testcontainers/ryuk:0.13.0 is starting: 2883bc9a4b6836fbc0c5fa7fd3df6fc146ef4fed0ab52eac5768cdfcbc4b26e5
21:16:49.962 [main] INFO tc.testcontainers/ryuk:0.13.0 -- Container testcontainers/ryuk:0.13.0 started in PT0.271494005S
21:16:49.964 [main] INFO org.testcontainers.utility.RyukResourceReaper -- Ryuk started - will monitor and terminate Testcontainers containers on JVM exit
21:16:49.964 [main] INFO org.testcontainers.DockerClientFactory -- Checking the system...
21:16:49.964 [main] INFO org.testcontainers.DockerClientFactory -- ✔︎ Docker server version should be at least 1.6.0
21:16:49.966 [main] INFO tc.mysql:8.4.7 -- Creating container for image: mysql:8.4.7
21:16:50.026 [main] INFO tc.mysql:8.4.7 -- Container mysql:8.4.7 is starting: 310e5defe81b267ea175d3faa054f2249ab51edea171fd1aac4074b22d3c3ae1
21:16:50.123 [main] INFO tc.mysql:8.4.7 -- Waiting for database connection to become available at jdbc:mysql://localhost:32771/test using query 'SELECT 1'
21:16:57.061 [main] INFO tc.mysql:8.4.7 -- Container mysql:8.4.7 started in PT7.095381174S
21:16:57.061 [main] INFO tc.mysql:8.4.7 -- Container is started (JDBC URL: jdbc:mysql://localhost:32771/test)
21:16:57.098 [main] INFO org.springframework.test.context.support.AnnotationConfigContextLoaderUtils -- Could not detect default configuration classes for test class [com.example.accessingdatamysql.AccessingDataMysqlApplicationTests]: AccessingDataMysqlApplicationTests does not declare any static, non-private, non-final, nested classes annotated with @Configuration.
21:16:57.154 [main] INFO org.springframework.boot.test.context.SpringBootTestContextBootstrapper -- Found @SpringBootConfiguration com.example.accessingdatamysql.AccessingDataMysqlApplication for test class com.example.accessingdatamysql.AccessingDataMysqlApplicationTests

  .   ____          _            __ _ _
 /\\ / ___'_ __ _ _(_)_ __  __ _ \ \ \ \
( ( )\___ | '_ | '_| | '_ \/ _` | \ \ \ \
 \\/  ___)| |_)| | | | | || (_| |  ) ) ) )
  '  |____| .__|_| |_|_| |_\__, | / / / /
 =========|_|==============|___/=/_/_/_/

 :: Spring Boot ::                (v4.0.3)

2026-03-14T21:16:57.358-04:00  INFO 7410 --- [           main] c.e.a.AccessingDataMysqlApplicationTests : Starting AccessingDataMysqlApplicationTests using Java 17.0.18 with PID 7410 (started by lopeza in /home/lopeza/gs-accessing-data-mysql/complete)
2026-03-14T21:16:57.358-04:00  INFO 7410 --- [           main] c.e.a.AccessingDataMysqlApplicationTests : No active profile set, falling back to 1 default profile: "default"
2026-03-14T21:16:57.644-04:00  INFO 7410 --- [           main] .s.d.r.c.RepositoryConfigurationDelegate : Bootstrapping Spring Data JPA repositories in DEFAULT mode.
2026-03-14T21:16:57.662-04:00  INFO 7410 --- [           main] .s.d.r.c.RepositoryConfigurationDelegate : Finished Spring Data repository scanning in 13 ms. Found 1 JPA repository interface.
2026-03-14T21:16:57.839-04:00  INFO 7410 --- [           main] org.hibernate.orm.jpa                    : HHH008540: Processing PersistenceUnitInfo [name: default]
2026-03-14T21:16:57.856-04:00  INFO 7410 --- [           main] org.hibernate.orm.core                   : HHH000001: Hibernate ORM core version 7.2.4.Final
2026-03-14T21:16:58.009-04:00  INFO 7410 --- [           main] o.s.o.j.p.SpringPersistenceUnitInfo      : No LoadTimeWeaver setup: ignoring JPA class transformer
2026-03-14T21:16:58.020-04:00  INFO 7410 --- [           main] com.zaxxer.hikari.HikariDataSource       : HikariPool-1 - Starting...
2026-03-14T21:16:58.072-04:00  INFO 7410 --- [           main] com.zaxxer.hikari.pool.HikariPool        : HikariPool-1 - Added connection com.mysql.cj.jdbc.ConnectionImpl@2e5c245d
2026-03-14T21:16:58.073-04:00  INFO 7410 --- [           main] com.zaxxer.hikari.HikariDataSource       : HikariPool-1 - Start completed.
2026-03-14T21:16:58.099-04:00  INFO 7410 --- [           main] org.hibernate.orm.connections.pooling    : HHH10001005: Database info:
	Database JDBC URL [jdbc:mysql://localhost:32771/test]
	Database driver: MySQL Connector/J
	Database dialect: MySQLDialect
	Database version: 8.4.7
	Default catalog/schema: test/undefined
	Autocommit mode: undefined/unknown
	Isolation level: REPEATABLE_READ [default REPEATABLE_READ]
	JDBC fetch size: none
	Pool: DataSourceConnectionProvider
	Minimum pool size: undefined/unknown
	Maximum pool size: undefined/unknown
2026-03-14T21:16:58.437-04:00  INFO 7410 --- [           main] org.hibernate.orm.core                   : HHH000489: No JTA platform available (set 'hibernate.transaction.jta.platform' to enable JTA platform integration)
2026-03-14T21:16:58.521-04:00  INFO 7410 --- [           main] j.LocalContainerEntityManagerFactoryBean : Initialized JPA EntityManagerFactory for persistence unit 'default'
2026-03-14T21:16:58.572-04:00  INFO 7410 --- [           main] o.s.d.j.r.query.QueryEnhancerFactories   : Hibernate is in classpath; If applicable, HQL parser will be used.
2026-03-14T21:16:58.657-04:00  WARN 7410 --- [           main] JpaBaseConfiguration$JpaWebConfiguration : spring.jpa.open-in-view is enabled by default. Therefore, database queries may be performed during view rendering. Explicitly configure spring.jpa.open-in-view to disable this warning
2026-03-14T21:16:58.864-04:00  INFO 7410 --- [           main] c.e.a.AccessingDataMysqlApplicationTests : Started AccessingDataMysqlApplicationTests in 1.63 seconds (process running for 10.026)
]]></system-out>
  </testcase>
</testsuite>